# JRE version: OpenJDK Runtime Environment (26.0+35) (build 26+35-2893)
# Java VM: OpenJDK 64-Bit Server VM (26+35-2893, mixed mode, sharing, tiered, compressed oops, compressed class ptrs, g1 gc, windows-amd64)
GC Precious Log:
 CardTable entry size: 512
 Card Set container configuration: InlinePtr #cards 4 size 8 Array Of Cards #cards 16 size 48 Howl #buckets 8 coarsen threshold 3686 Howl Bitmap #cards 512 size 80 coarsen threshold 460 Card regions per heap region 1 cards per card region 4096
 CPUs: 12 total, 12 available
 Memory: 16067M
 Large Page Support: Disabled
 NUMA Support: Disabled
 Compressed Oops: Enabled (Zero based)
 Heap Region Size: 2M
 Heap Min Capacity: 8M
 Heap Initial Capacity: 8M
 Heap Max Capacity: 4018M
 Pre-touch: Disabled
 Parallel Workers: 10
 Concurrent Workers: 3
 Concurrent Refinement Workers: 10
 Periodic GC: Disabled
Heap:
 garbage-first heap   total reserved 4114432K, committed 110592K, used 26341K [0x0000000704e00000, 0x0000000800000000)
  region size 2M, 6 eden (12M), 3 survivor (6M), 6 old (12M), 0 humongous (0M), 39 free (78M)
GC Heap Usage History (16 events):
Event: 0.163 {heap Before GC invocations=0 (full 0):
 garbage-first heap   total reserved 4114432K, committed 10240K, used 3231K [0x0000000704e00000, 0x0000000800000000)
  region size 2M, 2 eden (4M), 0 survivor (0M), 1 old (2M), 0 humongous (0M), 2 free (4M)
}
Event: 0.165 {heap After GC invocations=1 (full 0):
 garbage-first heap   total reserved 4114432K, committed 10240K, used 3571K [0x0000000704e00000, 0x0000000800000000)
  region size 2M, 0 eden (0M), 1 survivor (2M), 2 old (4M), 0 humongous (0M), 2 free (4M)
}
Event: 0.173 {heap Before GC invocations=1 (full 0):
 garbage-first heap   total reserved 4114432K, committed 10240K, used 3571K [0x0000000704e00000, 0x0000000800000000)
  region size 2M, 1 eden (2M), 1 survivor (2M), 2 old (4M), 0 humongous (0M), 1 free (2M)
}
Event: 0.175 {heap After GC invocations=2 (full 0):
 garbage-first heap   total reserved 4114432K, committed 12288K, used 5312K [0x0000000704e00000, 0x0000000800000000)
  region size 2M, 0 eden (0M), 1 survivor (2M), 3 old (6M), 0 humongous (0M), 2 free (4M)
}
Event: 0.192 {heap Before GC invocations=2 (full 0):
 garbage-first heap   total reserved 4114432K, committed 12288K, used 7360K [0x0000000704e00000, 0x0000000800000000)
  region size 2M, 1 eden (2M), 1 survivor (2M), 3 old (6M), 0 humongous (0M), 1 free (2M)
}
Event: 0.194 {heap After GC invocations=3 (full 0):
 garbage-first heap   total reserved 4114432K, committed 36864K, used 6953K [0x0000000704e00000, 0x0000000800000000)
  region size 2M, 0 eden (0M), 1 survivor (2M), 3 old (6M), 0 humongous (0M), 14 free (28M)
}
Event: 0.470 {heap Before GC invocations=3 (full 0):
 garbage-first heap   total reserved 4114432K, committed 36864K, used 15145K [0x0000000704e00000, 0x0000000800000000)
  region size 2M, 5 eden (10M), 1 survivor (2M), 3 old (6M), 0 humongous (0M), 9 free (18M)
}
Event: 0.473 {heap After GC invocations=4 (full 0):
 garbage-first heap   total reserved 4114432K, committed 36864K, used 8648K [0x0000000704e00000, 0x0000000800000000)
  region size 2M, 0 eden (0M), 1 survivor (2M), 4 old (8M), 0 humongous (0M), 13 free (26M)
}
Event: 0.627 {heap Before GC invocations=4 (full 0):
 garbage-first heap   total reserved 4114432K, committed 36864K, used 16840K [0x0000000704e00000, 0x0000000800000000)
  region size 2M, 4 eden (8M), 1 survivor (2M), 4 old (8M), 0 humongous (0M), 9 free (18M)
}
Event: 0.630 {heap After GC invocations=5 (full 0):
 garbage-first heap   total reserved 4114432K, committed 36864K, used 9399K [0x0000000704e00000, 0x0000000800000000)
  region size 2M, 0 eden (0M), 1 survivor (2M), 5 old (10M), 0 humongous (0M), 12 free (24M)
}
Event: 0.745 {heap Before GC invocations=5 (full 0):
 garbage-first heap   total reserved 4114432K, committed 36864K, used 17591K [0x0000000704e00000, 0x0000000800000000)
  region size 2M, 4 eden (8M), 1 survivor (2M), 5 old (10M), 0 humongous (0M), 8 free (16M)
}
Event: 0.749 {heap After GC invocations=6 (full 0):
 garbage-first heap   total reserved 4114432K, committed 36864K, used 9907K [0x0000000704e00000, 0x0000000800000000)
  region size 2M, 0 eden (0M), 1 survivor (2M), 5 old (10M), 0 humongous (0M), 12 free (24M)
}
Event: 0.828 {heap Before GC invocations=6 (full 0):
 garbage-first heap   total reserved 4114432K, committed 36864K, used 18099K [0x0000000704e00000, 0x0000000800000000)
  region size 2M, 5 eden (10M), 1 survivor (2M), 5 old (10M), 0 humongous (0M), 7 free (14M)
}
Event: 0.830 {heap After GC invocations=7 (full 0):
 garbage-first heap   total reserved 4114432K, committed 110592K, used 10362K [0x0000000704e00000, 0x0000000800000000)
  region size 2M, 0 eden (0M), 1 survivor (2M), 5 old (10M), 0 humongous (0M), 48 free (96M)
}
Event: 1.127 {heap Before GC invocations=7 (full 0):
 garbage-first heap   total reserved 4114432K, committed 110592K, used 43130K [0x0000000704e00000, 0x0000000800000000)
  region size 2M, 18 eden (36M), 1 survivor (2M), 5 old (10M), 0 humongous (0M), 30 free (60M)
}
Event: 1.133 {heap After GC invocations=8 (full 0):
 garbage-first heap   total reserved 4114432K, committed 110592K, used 16101K [0x0000000704e00000, 0x0000000800000000)
  region size 2M, 0 eden (0M), 3 survivor (6M), 6 old (12M), 0 humongous (0M), 45 free (90M)
}

